<?xml version="1.0" encoding="UTF-8"?>
<!-- Generated by org.testng.reporters.JUnitReportReporter -->
<testsuite hostname="DESKTOP-HIN4ESK" failures="0" tests="5" name="Tests.LoginTest" time="29.207" errors="0" timestamp="2024-08-14T09:17:14 IST" skipped="0">
  <testcase classname="Tests.LoginTest" name="logintest" time="7.961"/>
  <system-out/>
  <testcase classname="Tests.LoginTest" name="loginvalues" time="8.331"/>
  <system-out/>
  <testcase classname="Tests.LoginTest" name="homepagetitlecheck" time="4.161"/>
  <system-out/>
  <testcase classname="Tests.LoginTest" name="homepagesigntest" time="3.701"/>
  <system-out/>
  <testcase classname="Tests.LoginTest" name="homepagelogintest" time="5.053"/>
  <system-out/>
</testsuite> <!-- Tests.LoginTest -->
