<?xml version="1.0" encoding="UTF-8"?>
<!-- Generated by org.testng.reporters.JUnitReportReporter -->
<testsuite hostname="DESKTOP-HIN4ESK" failures="0" tests="3" name="Tests.HomeTest" time="11.493" errors="0" timestamp="2024-08-14T08:07:45 IST" skipped="0">
  <testcase classname="Tests.HomeTest" name="homepagetitlecheck" time="3.745"/>
  <system-out/>
  <testcase classname="Tests.HomeTest" name="homepagesigntest" time="3.790"/>
  <system-out/>
  <testcase classname="Tests.HomeTest" name="homepagelogintest" time="3.958"/>
  <system-out/>
</testsuite> <!-- Tests.HomeTest -->
