<?xml version="1.0" encoding="UTF-8"?>
<!-- Generated by org.testng.reporters.JUnitReportReporter -->
<testsuite hostname="DESKTOP-HIN4ESK" failures="0" tests="4" name="Tests.SignupTest" time="21.634" errors="0" timestamp="2024-08-14T08:07:45 IST" skipped="0">
  <testcase classname="Tests.SignupTest" name="loginvalues" time="9.526"/>
  <system-out/>
  <testcase classname="Tests.SignupTest" name="homepagetitlecheck" time="4.132"/>
  <system-out/>
  <testcase classname="Tests.SignupTest" name="homepagesigntest" time="3.855"/>
  <system-out/>
  <testcase classname="Tests.SignupTest" name="homepagelogintest" time="4.121"/>
  <system-out/>
</testsuite> <!-- Tests.SignupTest -->
